<?xml version="1.0" encoding="UTF-8"?>
<!-- Generated by org.testng.reporters.JUnitReportReporter -->
<testsuite hostname="LAPTOP-NIPG9B05" name="test.scripts.forgotUserName_1005a" tests="1" failures="0" timestamp="7 Sep 2017 21:17:38 GMT" time="7.851" errors="0">
  <testcase name="verify_ForgotUserName" time="7.851" classname="test.scripts.forgotUserName_1005a"/>
</testsuite> <!-- test.scripts.forgotUserName_1005a -->
